<?xml version="1.0" encoding="UTF-8"?>
<testng-results skipped="0" failed="0" total="2" passed="2">
  <reporter-output>
  </reporter-output>
  <suite name="Default suite" duration-ms="28091" started-at="2021-01-31T06:15:16Z" finished-at="2021-01-31T06:15:44Z">
    <groups>
    </groups>
    <test name="Default test" duration-ms="28091" started-at="2021-01-31T06:15:16Z" finished-at="2021-01-31T06:15:44Z">
      <class name="POMDemo.DashBoardTest">
        <test-method status="PASS" signature="setUp()[pri:0, instance:POMDemo.DashBoardTest@7823a2f9]" name="setUp" is-config="true" duration-ms="11620" started-at="2021-01-31T11:45:16Z" finished-at="2021-01-31T11:45:28Z">
          <reporter-output>
          </reporter-output>
        </test-method> <!-- setUp -->
        <test-method status="PASS" signature="AllcoursesName()[pri:0, instance:POMDemo.DashBoardTest@7823a2f9]" name="AllcoursesName" duration-ms="3309" started-at="2021-01-31T11:45:28Z" finished-at="2021-01-31T11:45:31Z">
          <reporter-output>
          </reporter-output>
        </test-method> <!-- AllcoursesName -->
        <test-method status="PASS" signature="setUp()[pri:0, instance:POMDemo.DashBoardTest@7823a2f9]" name="setUp" is-config="true" duration-ms="9543" started-at="2021-01-31T11:45:31Z" finished-at="2021-01-31T11:45:41Z">
          <reporter-output>
          </reporter-output>
        </test-method> <!-- setUp -->
        <test-method status="PASS" signature="validLogin()[pri:0, instance:POMDemo.DashBoardTest@7823a2f9]" name="validLogin" duration-ms="3560" started-at="2021-01-31T11:45:41Z" finished-at="2021-01-31T11:45:44Z">
          <reporter-output>
          </reporter-output>
        </test-method> <!-- validLogin -->
      </class> <!-- POMDemo.DashBoardTest -->
    </test> <!-- Default test -->
  </suite> <!-- Default suite -->
</testng-results>
